<?xml version="1.0" encoding="UTF-8"?>
<testng-results ignored="0" total="1" passed="1" failed="0" skipped="0">
  <reporter-output>
  </reporter-output>
  <suite started-at="2024-08-31T11:21:05 IST" name="MasterSuite" finished-at="2024-08-31T11:21:20 IST" duration-ms="15052">
    <groups>
    </groups>
    <test started-at="2024-08-31T11:21:05 IST" name="Test" finished-at="2024-08-31T11:21:20 IST" duration-ms="15052">
      <class name="testCases.TC_AddressTest">
        <test-method is-config="true" signature="setup(java.lang.String,java.lang.String)[pri:0, instance:testCases.TC_AddressTest@7e276594]" started-at="2024-08-31T11:21:05 IST" name="setup" finished-at="2024-08-31T11:21:16 IST" duration-ms="10761" status="PASS">
          <params>
            <param index="0">
              <value>
                <![CDATA[Windows]]>
              </value>
            </param>
            <param index="1">
              <value>
                <![CDATA[chrome]]>
              </value>
            </param>
          </params>
          <reporter-output>
          </reporter-output>
        </test-method> <!-- setup -->
        <test-method signature="verify_address(java.lang.String,java.lang.String,java.lang.String,java.lang.String,java.lang.String,java.lang.String,java.lang.String,java.lang.String,java.lang.String)[pri:0, instance:testCases.TC_AddressTest@7e276594]" started-at="2024-08-31T11:21:17 IST" name="verify_address" data-provider="AddressData" finished-at="2024-08-31T11:21:20 IST" duration-ms="3135" status="PASS">
          <params>
            <param index="0">
              <value>
                <![CDATA[vaibhav]]>
              </value>
            </param>
            <param index="1">
              <value>
                <![CDATA[chavan]]>
              </value>
            </param>
            <param index="2">
              <value>
                <![CDATA[ebs]]>
              </value>
            </param>
            <param index="3">
              <value>
                <![CDATA[pune ]]>
              </value>
            </param>
            <param index="4">
              <value>
                <![CDATA[pune]]>
              </value>
            </param>
            <param index="5">
              <value>
                <![CDATA[pune]]>
              </value>
            </param>
            <param index="6">
              <value>
                <![CDATA[416310]]>
              </value>
            </param>
            <param index="7">
              <value>
                <![CDATA[India]]>
              </value>
            </param>
            <param index="8">
              <value>
                <![CDATA[Maharashtra]]>
              </value>
            </param>
          </params>
          <reporter-output>
          </reporter-output>
        </test-method> <!-- verify_address -->
        <test-method is-config="true" signature="teardown()[pri:0, instance:testCases.TC_AddressTest@7e276594]" started-at="2024-08-31T11:21:20 IST" name="teardown" finished-at="2024-08-31T11:21:20 IST" duration-ms="1" status="PASS">
          <reporter-output>
          </reporter-output>
        </test-method> <!-- teardown -->
      </class> <!-- testCases.TC_AddressTest -->
    </test> <!-- Test -->
  </suite> <!-- MasterSuite -->
</testng-results>
